{
  "RSpec": {
    "coverage": {
      "/Users/minci/Project/week-10/bank-tech-test/spec/feature/bank_statement_spec.rb": [
        1
      ],
      "/Users/minci/Project/week-10/bank-tech-test/lib/bank_account.rb": [
        1,
        null,
        1,
        null,
        1,
        7,
        7,
        null,
        null,
        1,
        4,
        4,
        null,
        null,
        1,
        3,
        2,
        2,
        null,
        null,
        1,
        4,
        null,
        null,
        1,
        2,
        null,
        null
      ],
      "/Users/minci/Project/week-10/bank-tech-test/spec/unit/bank_account_spec.rb": [
        1,
        null,
        1,
        1,
        1,
        1,
        null,
        null,
        null,
        null,
        1,
        1,
        1,
        1,
        null,
        null,
        null,
        1,
        1,
        1,
        1,
        1,
        null,
        null,
        1,
        2,
        null,
        null,
        null,
        1,
        1,
        1,
        null,
        null,
        1,
        1,
        1,
        null,
        null,
        1,
        1,
        1,
        1,
        null,
        null,
        null
      ],
      "/Users/minci/Project/week-10/bank-tech-test/spec/unit/bank_statement_spec.rb": [
        1,
        null,
        null,
        1,
        1,
        1,
        1,
        null,
        null,
        null
      ],
      "/Users/minci/Project/week-10/bank-tech-test/lib/bank_statement.rb": [
        1,
        null,
        1,
        null,
        1,
        1,
        null,
        null
      ]
    },
    "timestamp": 1557841926
  }
}
